2005.12.14 13:32 B C:\Documents and Settings\TEMP\My Documents\My Webs\CE362_2005\_overlay\_vti_cnf\archive.htm_nav_axis010_bnr.gif --> mailer /webusers/web_eem/ce362/_overlay/_vti_cnf archive.htm_nav_axis010_bnr.gif
2005.12.14 13:32 B C:\Documents and Settings\TEMP\My Documents\My Webs\CE362_2005\_overlay\_vti_cnf\archive.htm_nav_axis010_vbtn.gif --> mailer /webusers/web_eem/ce362/_overlay/_vti_cnf archive.htm_nav_axis010_vbtn.gif
2005.12.14 13:32 B C:\Documents and Settings\TEMP\My Documents\My Webs\CE362_2005\_overlay\_vti_cnf\archive.htm_nav_capsules010_bnr.gif --> mailer /webusers/web_eem/ce362/_overlay/_vti_cnf archive.htm_nav_capsules010_bnr.gif
2005.12.14 13:32 B C:\Documents and Settings\TEMP\My Documents\My Webs\CE362_2005\_overlay\_vti_cnf\archive.htm_nav_capsules010_vbtn.gif --> mailer /webusers/web_eem/ce362/_overlay/_vti_cnf archive.htm_nav_capsules010_vbtn.gif
2005.12.14 13:32 B C:\Documents and Settings\TEMP\My Documents\My Webs\CE362_2005\_overlay\_vti_cnf\contact.htm_nav_axis010_bnr.gif --> mailer /webusers/web_eem/ce362/_overlay/_vti_cnf contact.htm_nav_axis010_bnr.gif
2005.12.14 13:32 B C:\Documents and Settings\TEMP\My Documents\My Webs\CE362_2005\_overlay\_vti_cnf\contact.htm_nav_axis010_vbtn.gif --> mailer /webusers/web_eem/ce362/_overlay/_vti_cnf contact.htm_nav_axis010_vbtn.gif
2005.12.14 13:32 B C:\Documents and Settings\TEMP\My Documents\My Webs\CE362_2005\_overlay\_vti_cnf\contact.htm_nav_capsules010_bnr.gif --> mailer /webusers/web_eem/ce362/_overlay/_vti_cnf contact.htm_nav_capsules010_bnr.gif
2005.12.14 13:32 B C:\Documents and Settings\TEMP\My Documents\My Webs\CE362_2005\_overlay\_vti_cnf\contact.htm_nav_capsules010_vbtn.gif --> mailer /webusers/web_eem/ce362/_overlay/_vti_cnf contact.htm_nav_capsules010_vbtn.gif
2005.12.14 13:32 B C:\Documents and Settings\TEMP\My Documents\My Webs\CE362_2005\_overlay\_vti_cnf\discuss.htm_nav_axis010_bnr.gif --> mailer /webusers/web_eem/ce362/_overlay/_vti_cnf discuss.htm_nav_axis010_bnr.gif
2005.12.14 13:32 B C:\Documents and Settings\TEMP\My Documents\My Webs\CE362_2005\_overlay\_vti_cnf\discuss.htm_nav_axis010_vbtn.gif --> mailer /webusers/web_eem/ce362/_overlay/_vti_cnf discuss.htm_nav_axis010_vbtn.gif
2005.12.14 13:32 B C:\Documents and Settings\TEMP\My Documents\My Webs\CE362_2005\_overlay\_vti_cnf\discuss.htm_nav_capsules010_bnr.gif --> mailer /webusers/web_eem/ce362/_overlay/_vti_cnf discuss.htm_nav_capsules010_bnr.gif
2005.12.14 13:32 B C:\Documents and Settings\TEMP\My Documents\My Webs\CE362_2005\_overlay\_vti_cnf\discuss.htm_nav_capsules010_vbtn.gif --> mailer /webusers/web_eem/ce362/_overlay/_vti_cnf discuss.htm_nav_capsules010_vbtn.gif
2005.12.14 13:32 B C:\Documents and Settings\TEMP\My Documents\My Webs\CE362_2005\_overlay\_vti_cnf\home_nav_axis010_vbtn.gif --> mailer /webusers/web_eem/ce362/_overlay/_vti_cnf home_nav_axis010_vbtn.gif
2005.12.14 13:32 B C:\Documents and Settings\TEMP\My Documents\My Webs\CE362_2005\_overlay\_vti_cnf\home_nav_capsules010_vbtn.gif --> mailer /webusers/web_eem/ce362/_overlay/_vti_cnf home_nav_capsules010_vbtn.gif
2005.12.14 13:32 B C:\Documents and Settings\TEMP\My Documents\My Webs\CE362_2005\_overlay\_vti_cnf\index.htm_nav_axis010_bnr.gif --> mailer /webusers/web_eem/ce362/_overlay/_vti_cnf index.htm_nav_axis010_bnr.gif
2005.12.14 13:32 B C:\Documents and Settings\TEMP\My Documents\My Webs\CE362_2005\_overlay\_vti_cnf\index.htm_nav_capsules010_bnr.gif --> mailer /webusers/web_eem/ce362/_overlay/_vti_cnf index.htm_nav_capsules010_bnr.gif
2005.12.14 13:32 B C:\Documents and Settings\TEMP\My Documents\My Webs\CE362_2005\_overlay\_vti_cnf\members.htm_nav_axis010_bnr.gif --> mailer /webusers/web_eem/ce362/_overlay/_vti_cnf members.htm_nav_axis010_bnr.gif
2005.12.14 13:32 B C:\Documents and Settings\TEMP\My Documents\My Webs\CE362_2005\_overlay\_vti_cnf\members.htm_nav_axis010_vbtn.gif --> mailer /webusers/web_eem/ce362/_overlay/_vti_cnf members.htm_nav_axis010_vbtn.gif
2005.12.14 13:32 B C:\Documents and Settings\TEMP\My Documents\My Webs\CE362_2005\_overlay\_vti_cnf\members.htm_nav_capsules010_bnr.gif --> mailer /webusers/web_eem/ce362/_overlay/_vti_cnf members.htm_nav_capsules010_bnr.gif
2005.12.14 13:32 B C:\Documents and Settings\TEMP\My Documents\My Webs\CE362_2005\_overlay\_vti_cnf\members.htm_nav_capsules010_vbtn.gif --> mailer /webusers/web_eem/ce362/_overlay/_vti_cnf members.htm_nav_capsules010_vbtn.gif
2005.12.14 13:32 B C:\Documents and Settings\TEMP\My Documents\My Webs\CE362_2005\_overlay\_vti_cnf\schedule.htm_nav_axis010_bnr.gif --> mailer /webusers/web_eem/ce362/_overlay/_vti_cnf schedule.htm_nav_axis010_bnr.gif
2005.12.14 13:32 B C:\Documents and Settings\TEMP\My Documents\My Webs\CE362_2005\_overlay\_vti_cnf\schedule.htm_nav_axis010_vbtn.gif --> mailer /webusers/web_eem/ce362/_overlay/_vti_cnf schedule.htm_nav_axis010_vbtn.gif
2005.12.14 13:32 B C:\Documents and Settings\TEMP\My Documents\My Webs\CE362_2005\_overlay\_vti_cnf\schedule.htm_nav_capsules010_bnr.gif --> mailer /webusers/web_eem/ce362/_overlay/_vti_cnf schedule.htm_nav_capsules010_bnr.gif
2005.12.14 13:32 B C:\Documents and Settings\TEMP\My Documents\My Webs\CE362_2005\_overlay\_vti_cnf\schedule.htm_nav_capsules010_vbtn.gif --> mailer /webusers/web_eem/ce362/_overlay/_vti_cnf schedule.htm_nav_capsules010_vbtn.gif
2005.12.14 13:32 B C:\Documents and Settings\TEMP\My Documents\My Webs\CE362_2005\_overlay\_vti_cnf\search.htm_nav_axis010_bnr.gif --> mailer /webusers/web_eem/ce362/_overlay/_vti_cnf search.htm_nav_axis010_bnr.gif
2005.12.14 13:32 B C:\Documents and Settings\TEMP\My Documents\My Webs\CE362_2005\_overlay\_vti_cnf\search.htm_nav_axis010_vbtn.gif --> mailer /webusers/web_eem/ce362/_overlay/_vti_cnf search.htm_nav_axis010_vbtn.gif
2005.12.14 13:32 B C:\Documents and Settings\TEMP\My Documents\My Webs\CE362_2005\_overlay\_vti_cnf\search.htm_nav_capsules010_bnr.gif --> mailer /webusers/web_eem/ce362/_overlay/_vti_cnf search.htm_nav_capsules010_bnr.gif
2005.12.14 13:32 B C:\Documents and Settings\TEMP\My Documents\My Webs\CE362_2005\_overlay\_vti_cnf\search.htm_nav_capsules010_vbtn.gif --> mailer /webusers/web_eem/ce362/_overlay/_vti_cnf search.htm_nav_capsules010_vbtn.gif
