2005.12.14 13:32 B C:\Documents and Settings\TEMP\My Documents\My Webs\CE362_2005\_themes\capsules\blank.gif --> mailer /webusers/web_eem/ce362/_themes/capsules blank.gif
2005.12.14 13:32 B C:\Documents and Settings\TEMP\My Documents\My Webs\CE362_2005\_themes\capsules\bluedot.gif --> mailer /webusers/web_eem/ce362/_themes/capsules bluedot.gif
2005.12.14 13:32 B C:\Documents and Settings\TEMP\My Documents\My Webs\CE362_2005\_themes\capsules\capbacka.gif --> mailer /webusers/web_eem/ce362/_themes/capsules capbacka.gif
2005.12.14 13:32 B C:\Documents and Settings\TEMP\My Documents\My Webs\CE362_2005\_themes\capsules\capbackd.gif --> mailer /webusers/web_eem/ce362/_themes/capsules capbackd.gif
2005.12.14 13:32 B C:\Documents and Settings\TEMP\My Documents\My Webs\CE362_2005\_themes\capsules\capbackh.gif --> mailer /webusers/web_eem/ce362/_themes/capsules capbackh.gif
2005.12.14 13:32 B C:\Documents and Settings\TEMP\My Documents\My Webs\CE362_2005\_themes\capsules\capbackp.gif --> mailer /webusers/web_eem/ce362/_themes/capsules capbackp.gif
2005.12.14 13:32 B C:\Documents and Settings\TEMP\My Documents\My Webs\CE362_2005\_themes\capsules\capbanna.gif --> mailer /webusers/web_eem/ce362/_themes/capsules capbanna.gif
2005.12.14 13:32 B C:\Documents and Settings\TEMP\My Documents\My Webs\CE362_2005\_themes\capsules\capbannd.gif --> mailer /webusers/web_eem/ce362/_themes/capsules capbannd.gif
2005.12.14 13:32 B C:\Documents and Settings\TEMP\My Documents\My Webs\CE362_2005\_themes\capsules\capbul1a.gif --> mailer /webusers/web_eem/ce362/_themes/capsules capbul1a.gif
2005.12.14 13:32 B C:\Documents and Settings\TEMP\My Documents\My Webs\CE362_2005\_themes\capsules\capbul1d.gif --> mailer /webusers/web_eem/ce362/_themes/capsules capbul1d.gif
2005.12.14 13:32 B C:\Documents and Settings\TEMP\My Documents\My Webs\CE362_2005\_themes\capsules\capbul2a.gif --> mailer /webusers/web_eem/ce362/_themes/capsules capbul2a.gif
2005.12.14 13:32 B C:\Documents and Settings\TEMP\My Documents\My Webs\CE362_2005\_themes\capsules\capbul2d.gif --> mailer /webusers/web_eem/ce362/_themes/capsules capbul2d.gif
2005.12.14 13:32 B C:\Documents and Settings\TEMP\My Documents\My Webs\CE362_2005\_themes\capsules\capbul3a.gif --> mailer /webusers/web_eem/ce362/_themes/capsules capbul3a.gif
2005.12.14 13:32 B C:\Documents and Settings\TEMP\My Documents\My Webs\CE362_2005\_themes\capsules\capbul3d.gif --> mailer /webusers/web_eem/ce362/_themes/capsules capbul3d.gif
2005.12.14 13:32 B C:\Documents and Settings\TEMP\My Documents\My Webs\CE362_2005\_themes\capsules\capglob1.gif --> mailer /webusers/web_eem/ce362/_themes/capsules capglob1.gif
2005.12.14 13:32 B C:\Documents and Settings\TEMP\My Documents\My Webs\CE362_2005\_themes\capsules\caphomea.gif --> mailer /webusers/web_eem/ce362/_themes/capsules caphomea.gif
2005.12.14 13:32 B C:\Documents and Settings\TEMP\My Documents\My Webs\CE362_2005\_themes\capsules\caphomed.gif --> mailer /webusers/web_eem/ce362/_themes/capsules caphomed.gif
2005.12.14 13:32 B C:\Documents and Settings\TEMP\My Documents\My Webs\CE362_2005\_themes\capsules\caphomeh.gif --> mailer /webusers/web_eem/ce362/_themes/capsules caphomeh.gif
2005.12.14 13:32 B C:\Documents and Settings\TEMP\My Documents\My Webs\CE362_2005\_themes\capsules\caphomep.gif --> mailer /webusers/web_eem/ce362/_themes/capsules caphomep.gif
2005.12.14 13:32 B C:\Documents and Settings\TEMP\My Documents\My Webs\CE362_2005\_themes\capsules\capnavha.gif --> mailer /webusers/web_eem/ce362/_themes/capsules capnavha.gif
2005.12.14 13:32 B C:\Documents and Settings\TEMP\My Documents\My Webs\CE362_2005\_themes\capsules\capnavhd.gif --> mailer /webusers/web_eem/ce362/_themes/capsules capnavhd.gif
2005.12.14 13:32 B C:\Documents and Settings\TEMP\My Documents\My Webs\CE362_2005\_themes\capsules\capnavhh.gif --> mailer /webusers/web_eem/ce362/_themes/capsules capnavhh.gif
2005.12.14 13:32 B C:\Documents and Settings\TEMP\My Documents\My Webs\CE362_2005\_themes\capsules\capnavhp.gif --> mailer /webusers/web_eem/ce362/_themes/capsules capnavhp.gif
2005.12.14 13:32 B C:\Documents and Settings\TEMP\My Documents\My Webs\CE362_2005\_themes\capsules\capnavhs.gif --> mailer /webusers/web_eem/ce362/_themes/capsules capnavhs.gif
2005.12.14 13:32 B C:\Documents and Settings\TEMP\My Documents\My Webs\CE362_2005\_themes\capsules\capnavva.gif --> mailer /webusers/web_eem/ce362/_themes/capsules capnavva.gif
2005.12.14 13:32 B C:\Documents and Settings\TEMP\My Documents\My Webs\CE362_2005\_themes\capsules\capnavvd.gif --> mailer /webusers/web_eem/ce362/_themes/capsules capnavvd.gif
2005.12.14 13:32 B C:\Documents and Settings\TEMP\My Documents\My Webs\CE362_2005\_themes\capsules\capnavvh.gif --> mailer /webusers/web_eem/ce362/_themes/capsules capnavvh.gif
2005.12.14 13:32 B C:\Documents and Settings\TEMP\My Documents\My Webs\CE362_2005\_themes\capsules\capnavvp.gif --> mailer /webusers/web_eem/ce362/_themes/capsules capnavvp.gif
2005.12.14 13:32 B C:\Documents and Settings\TEMP\My Documents\My Webs\CE362_2005\_themes\capsules\capnavvs.gif --> mailer /webusers/web_eem/ce362/_themes/capsules capnavvs.gif
2005.12.14 13:32 B C:\Documents and Settings\TEMP\My Documents\My Webs\CE362_2005\_themes\capsules\capnexta.gif --> mailer /webusers/web_eem/ce362/_themes/capsules capnexta.gif
2005.12.14 13:32 B C:\Documents and Settings\TEMP\My Documents\My Webs\CE362_2005\_themes\capsules\capnextd.gif --> mailer /webusers/web_eem/ce362/_themes/capsules capnextd.gif
2005.12.14 13:32 B C:\Documents and Settings\TEMP\My Documents\My Webs\CE362_2005\_themes\capsules\capnexth.gif --> mailer /webusers/web_eem/ce362/_themes/capsules capnexth.gif
2005.12.14 13:32 B C:\Documents and Settings\TEMP\My Documents\My Webs\CE362_2005\_themes\capsules\capnextp.gif --> mailer /webusers/web_eem/ce362/_themes/capsules capnextp.gif
2005.12.14 13:32 B C:\Documents and Settings\TEMP\My Documents\My Webs\CE362_2005\_themes\capsules\capsepa.gif --> mailer /webusers/web_eem/ce362/_themes/capsules capsepa.gif
2005.12.14 13:32 B C:\Documents and Settings\TEMP\My Documents\My Webs\CE362_2005\_themes\capsules\capsepd.gif --> mailer /webusers/web_eem/ce362/_themes/capsules capsepd.gif
2005.12.14 13:32 B C:\Documents and Settings\TEMP\My Documents\My Webs\CE362_2005\_themes\capsules\capsules.inf --> mailer /webusers/web_eem/ce362/_themes/capsules capsules.inf
2005.12.14 13:32 B C:\Documents and Settings\TEMP\My Documents\My Webs\CE362_2005\_themes\capsules\capsules.utf8 --> mailer /webusers/web_eem/ce362/_themes/capsules capsules.utf8
2005.12.14 13:32 B C:\Documents and Settings\TEMP\My Documents\My Webs\CE362_2005\_themes\capsules\captext.gif --> mailer /webusers/web_eem/ce362/_themes/capsules captext.gif
2005.12.14 13:32 B C:\Documents and Settings\TEMP\My Documents\My Webs\CE362_2005\_themes\capsules\capupa.gif --> mailer /webusers/web_eem/ce362/_themes/capsules capupa.gif
2005.12.14 13:32 B C:\Documents and Settings\TEMP\My Documents\My Webs\CE362_2005\_themes\capsules\capupd.gif --> mailer /webusers/web_eem/ce362/_themes/capsules capupd.gif
2005.12.14 13:32 B C:\Documents and Settings\TEMP\My Documents\My Webs\CE362_2005\_themes\capsules\capuph.gif --> mailer /webusers/web_eem/ce362/_themes/capsules capuph.gif
2005.12.14 13:32 B C:\Documents and Settings\TEMP\My Documents\My Webs\CE362_2005\_themes\capsules\capupp.gif --> mailer /webusers/web_eem/ce362/_themes/capsules capupp.gif
2005.12.14 13:32 B C:\Documents and Settings\TEMP\My Documents\My Webs\CE362_2005\_themes\capsules\color0.css --> mailer /webusers/web_eem/ce362/_themes/capsules color0.css
2005.12.14 13:32 B C:\Documents and Settings\TEMP\My Documents\My Webs\CE362_2005\_themes\capsules\color1.css --> mailer /webusers/web_eem/ce362/_themes/capsules color1.css
2005.12.14 13:32 B C:\Documents and Settings\TEMP\My Documents\My Webs\CE362_2005\_themes\capsules\dot.gif --> mailer /webusers/web_eem/ce362/_themes/capsules dot.gif
2005.12.14 13:32 B C:\Documents and Settings\TEMP\My Documents\My Webs\CE362_2005\_themes\capsules\graph0.css --> mailer /webusers/web_eem/ce362/_themes/capsules graph0.css
2005.12.14 13:32 B C:\Documents and Settings\TEMP\My Documents\My Webs\CE362_2005\_themes\capsules\graph1.css --> mailer /webusers/web_eem/ce362/_themes/capsules graph1.css
2005.12.14 13:32 B C:\Documents and Settings\TEMP\My Documents\My Webs\CE362_2005\_themes\capsules\theme.css --> mailer /webusers/web_eem/ce362/_themes/capsules theme.css
2005.12.14 13:32 B C:\Documents and Settings\TEMP\My Documents\My Webs\CE362_2005\_themes\capsules\toolgrad.gif --> mailer /webusers/web_eem/ce362/_themes/capsules toolgrad.gif
