2005.12.14 13:32 B C:\Documents and Settings\TEMP\My Documents\My Webs\CE362_2005\_derived\_vti_cnf\archive.htm_cmp_axis110_bnr.gif --> mailer /webusers/web_eem/ce362/_derived/_vti_cnf archive.htm_cmp_axis110_bnr.gif
2005.12.14 13:32 B C:\Documents and Settings\TEMP\My Documents\My Webs\CE362_2005\_derived\_vti_cnf\archive.htm_cmp_axis110_vbtn.gif --> mailer /webusers/web_eem/ce362/_derived/_vti_cnf archive.htm_cmp_axis110_vbtn.gif
2005.12.14 13:32 B C:\Documents and Settings\TEMP\My Documents\My Webs\CE362_2005\_derived\_vti_cnf\archive.htm_cmp_axis110_vbtn_a.gif --> mailer /webusers/web_eem/ce362/_derived/_vti_cnf archive.htm_cmp_axis110_vbtn_a.gif
2005.12.14 13:32 B C:\Documents and Settings\TEMP\My Documents\My Webs\CE362_2005\_derived\_vti_cnf\archive.htm_cmp_axis110_vbtn_p.gif --> mailer /webusers/web_eem/ce362/_derived/_vti_cnf archive.htm_cmp_axis110_vbtn_p.gif
2005.12.14 13:32 B C:\Documents and Settings\TEMP\My Documents\My Webs\CE362_2005\_derived\_vti_cnf\archive.htm_cmp_capsules110_bnr.gif --> mailer /webusers/web_eem/ce362/_derived/_vti_cnf archive.htm_cmp_capsules110_bnr.gif
2005.12.14 13:32 B C:\Documents and Settings\TEMP\My Documents\My Webs\CE362_2005\_derived\_vti_cnf\archive.htm_cmp_capsules110_vbtn.gif --> mailer /webusers/web_eem/ce362/_derived/_vti_cnf archive.htm_cmp_capsules110_vbtn.gif
2005.12.14 13:32 B C:\Documents and Settings\TEMP\My Documents\My Webs\CE362_2005\_derived\_vti_cnf\archive.htm_cmp_capsules110_vbtn_a.gif --> mailer /webusers/web_eem/ce362/_derived/_vti_cnf archive.htm_cmp_capsules110_vbtn_a.gif
2005.12.14 13:32 B C:\Documents and Settings\TEMP\My Documents\My Webs\CE362_2005\_derived\_vti_cnf\archive.htm_cmp_capsules110_vbtn_p.gif --> mailer /webusers/web_eem/ce362/_derived/_vti_cnf archive.htm_cmp_capsules110_vbtn_p.gif
2005.12.14 13:32 B C:\Documents and Settings\TEMP\My Documents\My Webs\CE362_2005\_derived\_vti_cnf\contact.htm_cmp_axis110_bnr.gif --> mailer /webusers/web_eem/ce362/_derived/_vti_cnf contact.htm_cmp_axis110_bnr.gif
2005.12.14 13:32 B C:\Documents and Settings\TEMP\My Documents\My Webs\CE362_2005\_derived\_vti_cnf\contact.htm_cmp_axis110_vbtn.gif --> mailer /webusers/web_eem/ce362/_derived/_vti_cnf contact.htm_cmp_axis110_vbtn.gif
2005.12.14 13:32 B C:\Documents and Settings\TEMP\My Documents\My Webs\CE362_2005\_derived\_vti_cnf\contact.htm_cmp_axis110_vbtn_a.gif --> mailer /webusers/web_eem/ce362/_derived/_vti_cnf contact.htm_cmp_axis110_vbtn_a.gif
2005.12.14 13:32 B C:\Documents and Settings\TEMP\My Documents\My Webs\CE362_2005\_derived\_vti_cnf\contact.htm_cmp_axis110_vbtn_p.gif --> mailer /webusers/web_eem/ce362/_derived/_vti_cnf contact.htm_cmp_axis110_vbtn_p.gif
2005.12.14 13:32 B C:\Documents and Settings\TEMP\My Documents\My Webs\CE362_2005\_derived\_vti_cnf\contact.htm_cmp_capsules110_bnr.gif --> mailer /webusers/web_eem/ce362/_derived/_vti_cnf contact.htm_cmp_capsules110_bnr.gif
2005.12.14 13:32 B C:\Documents and Settings\TEMP\My Documents\My Webs\CE362_2005\_derived\_vti_cnf\contact.htm_cmp_capsules110_vbtn.gif --> mailer /webusers/web_eem/ce362/_derived/_vti_cnf contact.htm_cmp_capsules110_vbtn.gif
2005.12.14 13:32 B C:\Documents and Settings\TEMP\My Documents\My Webs\CE362_2005\_derived\_vti_cnf\contact.htm_cmp_capsules110_vbtn_a.gif --> mailer /webusers/web_eem/ce362/_derived/_vti_cnf contact.htm_cmp_capsules110_vbtn_a.gif
2005.12.14 13:32 B C:\Documents and Settings\TEMP\My Documents\My Webs\CE362_2005\_derived\_vti_cnf\contact.htm_cmp_capsules110_vbtn_p.gif --> mailer /webusers/web_eem/ce362/_derived/_vti_cnf contact.htm_cmp_capsules110_vbtn_p.gif
2005.12.14 13:32 B C:\Documents and Settings\TEMP\My Documents\My Webs\CE362_2005\_derived\_vti_cnf\discuss.htm_cmp_axis110_bnr.gif --> mailer /webusers/web_eem/ce362/_derived/_vti_cnf discuss.htm_cmp_axis110_bnr.gif
2005.12.14 13:32 B C:\Documents and Settings\TEMP\My Documents\My Webs\CE362_2005\_derived\_vti_cnf\discuss.htm_cmp_axis110_vbtn.gif --> mailer /webusers/web_eem/ce362/_derived/_vti_cnf discuss.htm_cmp_axis110_vbtn.gif
2005.12.14 13:32 B C:\Documents and Settings\TEMP\My Documents\My Webs\CE362_2005\_derived\_vti_cnf\discuss.htm_cmp_axis110_vbtn_a.gif --> mailer /webusers/web_eem/ce362/_derived/_vti_cnf discuss.htm_cmp_axis110_vbtn_a.gif
2005.12.14 13:32 B C:\Documents and Settings\TEMP\My Documents\My Webs\CE362_2005\_derived\_vti_cnf\discuss.htm_cmp_axis110_vbtn_p.gif --> mailer /webusers/web_eem/ce362/_derived/_vti_cnf discuss.htm_cmp_axis110_vbtn_p.gif
2005.12.14 13:32 B C:\Documents and Settings\TEMP\My Documents\My Webs\CE362_2005\_derived\_vti_cnf\discuss.htm_cmp_capsules110_bnr.gif --> mailer /webusers/web_eem/ce362/_derived/_vti_cnf discuss.htm_cmp_capsules110_bnr.gif
2005.12.14 13:32 B C:\Documents and Settings\TEMP\My Documents\My Webs\CE362_2005\_derived\_vti_cnf\discuss.htm_cmp_capsules110_vbtn.gif --> mailer /webusers/web_eem/ce362/_derived/_vti_cnf discuss.htm_cmp_capsules110_vbtn.gif
2005.12.14 13:32 B C:\Documents and Settings\TEMP\My Documents\My Webs\CE362_2005\_derived\_vti_cnf\discuss.htm_cmp_capsules110_vbtn_a.gif --> mailer /webusers/web_eem/ce362/_derived/_vti_cnf discuss.htm_cmp_capsules110_vbtn_a.gif
2005.12.14 13:32 B C:\Documents and Settings\TEMP\My Documents\My Webs\CE362_2005\_derived\_vti_cnf\discuss.htm_cmp_capsules110_vbtn_p.gif --> mailer /webusers/web_eem/ce362/_derived/_vti_cnf discuss.htm_cmp_capsules110_vbtn_p.gif
2005.12.14 13:32 B C:\Documents and Settings\TEMP\My Documents\My Webs\CE362_2005\_derived\_vti_cnf\home_cmp_axis110_vbtn.gif --> mailer /webusers/web_eem/ce362/_derived/_vti_cnf home_cmp_axis110_vbtn.gif
2005.12.14 13:32 B C:\Documents and Settings\TEMP\My Documents\My Webs\CE362_2005\_derived\_vti_cnf\home_cmp_axis110_vbtn_a.gif --> mailer /webusers/web_eem/ce362/_derived/_vti_cnf home_cmp_axis110_vbtn_a.gif
2005.12.14 13:32 B C:\Documents and Settings\TEMP\My Documents\My Webs\CE362_2005\_derived\_vti_cnf\home_cmp_axis110_vbtn_p.gif --> mailer /webusers/web_eem/ce362/_derived/_vti_cnf home_cmp_axis110_vbtn_p.gif
2005.12.14 13:32 B C:\Documents and Settings\TEMP\My Documents\My Webs\CE362_2005\_derived\_vti_cnf\home_cmp_capsules110_vbtn.gif --> mailer /webusers/web_eem/ce362/_derived/_vti_cnf home_cmp_capsules110_vbtn.gif
2005.12.14 13:32 B C:\Documents and Settings\TEMP\My Documents\My Webs\CE362_2005\_derived\_vti_cnf\home_cmp_capsules110_vbtn_a.gif --> mailer /webusers/web_eem/ce362/_derived/_vti_cnf home_cmp_capsules110_vbtn_a.gif
2005.12.14 13:32 B C:\Documents and Settings\TEMP\My Documents\My Webs\CE362_2005\_derived\_vti_cnf\home_cmp_capsules110_vbtn_p.gif --> mailer /webusers/web_eem/ce362/_derived/_vti_cnf home_cmp_capsules110_vbtn_p.gif
2005.12.14 13:32 B C:\Documents and Settings\TEMP\My Documents\My Webs\CE362_2005\_derived\_vti_cnf\index.htm_cmp_axis110_bnr.gif --> mailer /webusers/web_eem/ce362/_derived/_vti_cnf index.htm_cmp_axis110_bnr.gif
2005.12.14 13:32 B C:\Documents and Settings\TEMP\My Documents\My Webs\CE362_2005\_derived\_vti_cnf\index.htm_cmp_capsules110_bnr.gif --> mailer /webusers/web_eem/ce362/_derived/_vti_cnf index.htm_cmp_capsules110_bnr.gif
2005.12.14 13:32 B C:\Documents and Settings\TEMP\My Documents\My Webs\CE362_2005\_derived\_vti_cnf\members.htm_cmp_axis110_bnr.gif --> mailer /webusers/web_eem/ce362/_derived/_vti_cnf members.htm_cmp_axis110_bnr.gif
2005.12.14 13:32 B C:\Documents and Settings\TEMP\My Documents\My Webs\CE362_2005\_derived\_vti_cnf\members.htm_cmp_axis110_vbtn.gif --> mailer /webusers/web_eem/ce362/_derived/_vti_cnf members.htm_cmp_axis110_vbtn.gif
2005.12.14 13:32 B C:\Documents and Settings\TEMP\My Documents\My Webs\CE362_2005\_derived\_vti_cnf\members.htm_cmp_axis110_vbtn_a.gif --> mailer /webusers/web_eem/ce362/_derived/_vti_cnf members.htm_cmp_axis110_vbtn_a.gif
2005.12.14 13:32 B C:\Documents and Settings\TEMP\My Documents\My Webs\CE362_2005\_derived\_vti_cnf\members.htm_cmp_axis110_vbtn_p.gif --> mailer /webusers/web_eem/ce362/_derived/_vti_cnf members.htm_cmp_axis110_vbtn_p.gif
2005.12.14 13:32 B C:\Documents and Settings\TEMP\My Documents\My Webs\CE362_2005\_derived\_vti_cnf\members.htm_cmp_capsules110_bnr.gif --> mailer /webusers/web_eem/ce362/_derived/_vti_cnf members.htm_cmp_capsules110_bnr.gif
2005.12.14 13:32 B C:\Documents and Settings\TEMP\My Documents\My Webs\CE362_2005\_derived\_vti_cnf\members.htm_cmp_capsules110_vbtn.gif --> mailer /webusers/web_eem/ce362/_derived/_vti_cnf members.htm_cmp_capsules110_vbtn.gif
2005.12.14 13:32 B C:\Documents and Settings\TEMP\My Documents\My Webs\CE362_2005\_derived\_vti_cnf\members.htm_cmp_capsules110_vbtn_a.gif --> mailer /webusers/web_eem/ce362/_derived/_vti_cnf members.htm_cmp_capsules110_vbtn_a.gif
2005.12.14 13:32 B C:\Documents and Settings\TEMP\My Documents\My Webs\CE362_2005\_derived\_vti_cnf\members.htm_cmp_capsules110_vbtn_p.gif --> mailer /webusers/web_eem/ce362/_derived/_vti_cnf members.htm_cmp_capsules110_vbtn_p.gif
2005.12.14 13:32 B C:\Documents and Settings\TEMP\My Documents\My Webs\CE362_2005\_derived\_vti_cnf\nortbots.htm --> mailer /webusers/web_eem/ce362/_derived/_vti_cnf nortbots.htm
2005.12.14 13:32 B C:\Documents and Settings\TEMP\My Documents\My Webs\CE362_2005\_derived\_vti_cnf\schedule.htm_cmp_axis110_bnr.gif --> mailer /webusers/web_eem/ce362/_derived/_vti_cnf schedule.htm_cmp_axis110_bnr.gif
2005.12.14 13:32 B C:\Documents and Settings\TEMP\My Documents\My Webs\CE362_2005\_derived\_vti_cnf\schedule.htm_cmp_axis110_vbtn.gif --> mailer /webusers/web_eem/ce362/_derived/_vti_cnf schedule.htm_cmp_axis110_vbtn.gif
2005.12.14 13:32 B C:\Documents and Settings\TEMP\My Documents\My Webs\CE362_2005\_derived\_vti_cnf\schedule.htm_cmp_axis110_vbtn_a.gif --> mailer /webusers/web_eem/ce362/_derived/_vti_cnf schedule.htm_cmp_axis110_vbtn_a.gif
2005.12.14 13:32 B C:\Documents and Settings\TEMP\My Documents\My Webs\CE362_2005\_derived\_vti_cnf\schedule.htm_cmp_axis110_vbtn_p.gif --> mailer /webusers/web_eem/ce362/_derived/_vti_cnf schedule.htm_cmp_axis110_vbtn_p.gif
2005.12.14 13:32 B C:\Documents and Settings\TEMP\My Documents\My Webs\CE362_2005\_derived\_vti_cnf\schedule.htm_cmp_capsules110_bnr.gif --> mailer /webusers/web_eem/ce362/_derived/_vti_cnf schedule.htm_cmp_capsules110_bnr.gif
2005.12.14 13:32 B C:\Documents and Settings\TEMP\My Documents\My Webs\CE362_2005\_derived\_vti_cnf\schedule.htm_cmp_capsules110_vbtn.gif --> mailer /webusers/web_eem/ce362/_derived/_vti_cnf schedule.htm_cmp_capsules110_vbtn.gif
2005.12.14 13:32 B C:\Documents and Settings\TEMP\My Documents\My Webs\CE362_2005\_derived\_vti_cnf\schedule.htm_cmp_capsules110_vbtn_a.gif --> mailer /webusers/web_eem/ce362/_derived/_vti_cnf schedule.htm_cmp_capsules110_vbtn_a.gif
2005.12.14 13:32 B C:\Documents and Settings\TEMP\My Documents\My Webs\CE362_2005\_derived\_vti_cnf\schedule.htm_cmp_capsules110_vbtn_p.gif --> mailer /webusers/web_eem/ce362/_derived/_vti_cnf schedule.htm_cmp_capsules110_vbtn_p.gif
2005.12.14 13:32 B C:\Documents and Settings\TEMP\My Documents\My Webs\CE362_2005\_derived\_vti_cnf\search.htm_cmp_axis110_bnr.gif --> mailer /webusers/web_eem/ce362/_derived/_vti_cnf search.htm_cmp_axis110_bnr.gif
2005.12.14 13:32 B C:\Documents and Settings\TEMP\My Documents\My Webs\CE362_2005\_derived\_vti_cnf\search.htm_cmp_axis110_vbtn.gif --> mailer /webusers/web_eem/ce362/_derived/_vti_cnf search.htm_cmp_axis110_vbtn.gif
2005.12.14 13:32 B C:\Documents and Settings\TEMP\My Documents\My Webs\CE362_2005\_derived\_vti_cnf\search.htm_cmp_axis110_vbtn_a.gif --> mailer /webusers/web_eem/ce362/_derived/_vti_cnf search.htm_cmp_axis110_vbtn_a.gif
2005.12.14 13:32 B C:\Documents and Settings\TEMP\My Documents\My Webs\CE362_2005\_derived\_vti_cnf\search.htm_cmp_axis110_vbtn_p.gif --> mailer /webusers/web_eem/ce362/_derived/_vti_cnf search.htm_cmp_axis110_vbtn_p.gif
2005.12.14 13:32 B C:\Documents and Settings\TEMP\My Documents\My Webs\CE362_2005\_derived\_vti_cnf\search.htm_cmp_capsules110_bnr.gif --> mailer /webusers/web_eem/ce362/_derived/_vti_cnf search.htm_cmp_capsules110_bnr.gif
2005.12.14 13:32 B C:\Documents and Settings\TEMP\My Documents\My Webs\CE362_2005\_derived\_vti_cnf\search.htm_cmp_capsules110_vbtn.gif --> mailer /webusers/web_eem/ce362/_derived/_vti_cnf search.htm_cmp_capsules110_vbtn.gif
2005.12.14 13:32 B C:\Documents and Settings\TEMP\My Documents\My Webs\CE362_2005\_derived\_vti_cnf\search.htm_cmp_capsules110_vbtn_a.gif --> mailer /webusers/web_eem/ce362/_derived/_vti_cnf search.htm_cmp_capsules110_vbtn_a.gif
2005.12.14 13:32 B C:\Documents and Settings\TEMP\My Documents\My Webs\CE362_2005\_derived\_vti_cnf\search.htm_cmp_capsules110_vbtn_p.gif --> mailer /webusers/web_eem/ce362/_derived/_vti_cnf search.htm_cmp_capsules110_vbtn_p.gif
