2005.12.14 13:32 B C:\Documents and Settings\TEMP\My Documents\My Webs\CE362_2005\_themes\capsules\_vti_cnf\blank.gif --> mailer /webusers/web_eem/ce362/_themes/capsules/_vti_cnf blank.gif
2005.12.14 13:32 B C:\Documents and Settings\TEMP\My Documents\My Webs\CE362_2005\_themes\capsules\_vti_cnf\bluedot.gif --> mailer /webusers/web_eem/ce362/_themes/capsules/_vti_cnf bluedot.gif
2005.12.14 13:32 B C:\Documents and Settings\TEMP\My Documents\My Webs\CE362_2005\_themes\capsules\_vti_cnf\capbacka.gif --> mailer /webusers/web_eem/ce362/_themes/capsules/_vti_cnf capbacka.gif
2005.12.14 13:32 B C:\Documents and Settings\TEMP\My Documents\My Webs\CE362_2005\_themes\capsules\_vti_cnf\capbackd.gif --> mailer /webusers/web_eem/ce362/_themes/capsules/_vti_cnf capbackd.gif
2005.12.14 13:32 B C:\Documents and Settings\TEMP\My Documents\My Webs\CE362_2005\_themes\capsules\_vti_cnf\capbackh.gif --> mailer /webusers/web_eem/ce362/_themes/capsules/_vti_cnf capbackh.gif
2005.12.14 13:32 B C:\Documents and Settings\TEMP\My Documents\My Webs\CE362_2005\_themes\capsules\_vti_cnf\capbackp.gif --> mailer /webusers/web_eem/ce362/_themes/capsules/_vti_cnf capbackp.gif
2005.12.14 13:32 B C:\Documents and Settings\TEMP\My Documents\My Webs\CE362_2005\_themes\capsules\_vti_cnf\capbanna.gif --> mailer /webusers/web_eem/ce362/_themes/capsules/_vti_cnf capbanna.gif
2005.12.14 13:32 B C:\Documents and Settings\TEMP\My Documents\My Webs\CE362_2005\_themes\capsules\_vti_cnf\capbannd.gif --> mailer /webusers/web_eem/ce362/_themes/capsules/_vti_cnf capbannd.gif
2005.12.14 13:32 B C:\Documents and Settings\TEMP\My Documents\My Webs\CE362_2005\_themes\capsules\_vti_cnf\capbul1a.gif --> mailer /webusers/web_eem/ce362/_themes/capsules/_vti_cnf capbul1a.gif
2005.12.14 13:32 B C:\Documents and Settings\TEMP\My Documents\My Webs\CE362_2005\_themes\capsules\_vti_cnf\capbul1d.gif --> mailer /webusers/web_eem/ce362/_themes/capsules/_vti_cnf capbul1d.gif
2005.12.14 13:32 B C:\Documents and Settings\TEMP\My Documents\My Webs\CE362_2005\_themes\capsules\_vti_cnf\capbul2a.gif --> mailer /webusers/web_eem/ce362/_themes/capsules/_vti_cnf capbul2a.gif
2005.12.14 13:32 B C:\Documents and Settings\TEMP\My Documents\My Webs\CE362_2005\_themes\capsules\_vti_cnf\capbul2d.gif --> mailer /webusers/web_eem/ce362/_themes/capsules/_vti_cnf capbul2d.gif
2005.12.14 13:32 B C:\Documents and Settings\TEMP\My Documents\My Webs\CE362_2005\_themes\capsules\_vti_cnf\capbul3a.gif --> mailer /webusers/web_eem/ce362/_themes/capsules/_vti_cnf capbul3a.gif
2005.12.14 13:32 B C:\Documents and Settings\TEMP\My Documents\My Webs\CE362_2005\_themes\capsules\_vti_cnf\capbul3d.gif --> mailer /webusers/web_eem/ce362/_themes/capsules/_vti_cnf capbul3d.gif
2005.12.14 13:32 B C:\Documents and Settings\TEMP\My Documents\My Webs\CE362_2005\_themes\capsules\_vti_cnf\capglob1.gif --> mailer /webusers/web_eem/ce362/_themes/capsules/_vti_cnf capglob1.gif
2005.12.14 13:32 B C:\Documents and Settings\TEMP\My Documents\My Webs\CE362_2005\_themes\capsules\_vti_cnf\caphomea.gif --> mailer /webusers/web_eem/ce362/_themes/capsules/_vti_cnf caphomea.gif
2005.12.14 13:32 B C:\Documents and Settings\TEMP\My Documents\My Webs\CE362_2005\_themes\capsules\_vti_cnf\caphomed.gif --> mailer /webusers/web_eem/ce362/_themes/capsules/_vti_cnf caphomed.gif
2005.12.14 13:32 B C:\Documents and Settings\TEMP\My Documents\My Webs\CE362_2005\_themes\capsules\_vti_cnf\caphomeh.gif --> mailer /webusers/web_eem/ce362/_themes/capsules/_vti_cnf caphomeh.gif
2005.12.14 13:32 B C:\Documents and Settings\TEMP\My Documents\My Webs\CE362_2005\_themes\capsules\_vti_cnf\caphomep.gif --> mailer /webusers/web_eem/ce362/_themes/capsules/_vti_cnf caphomep.gif
2005.12.14 13:32 B C:\Documents and Settings\TEMP\My Documents\My Webs\CE362_2005\_themes\capsules\_vti_cnf\capnavha.gif --> mailer /webusers/web_eem/ce362/_themes/capsules/_vti_cnf capnavha.gif
2005.12.14 13:32 B C:\Documents and Settings\TEMP\My Documents\My Webs\CE362_2005\_themes\capsules\_vti_cnf\capnavhd.gif --> mailer /webusers/web_eem/ce362/_themes/capsules/_vti_cnf capnavhd.gif
2005.12.14 13:32 B C:\Documents and Settings\TEMP\My Documents\My Webs\CE362_2005\_themes\capsules\_vti_cnf\capnavhh.gif --> mailer /webusers/web_eem/ce362/_themes/capsules/_vti_cnf capnavhh.gif
2005.12.14 13:32 B C:\Documents and Settings\TEMP\My Documents\My Webs\CE362_2005\_themes\capsules\_vti_cnf\capnavhp.gif --> mailer /webusers/web_eem/ce362/_themes/capsules/_vti_cnf capnavhp.gif
2005.12.14 13:32 B C:\Documents and Settings\TEMP\My Documents\My Webs\CE362_2005\_themes\capsules\_vti_cnf\capnavhs.gif --> mailer /webusers/web_eem/ce362/_themes/capsules/_vti_cnf capnavhs.gif
2005.12.14 13:32 B C:\Documents and Settings\TEMP\My Documents\My Webs\CE362_2005\_themes\capsules\_vti_cnf\capnavva.gif --> mailer /webusers/web_eem/ce362/_themes/capsules/_vti_cnf capnavva.gif
2005.12.14 13:32 B C:\Documents and Settings\TEMP\My Documents\My Webs\CE362_2005\_themes\capsules\_vti_cnf\capnavvd.gif --> mailer /webusers/web_eem/ce362/_themes/capsules/_vti_cnf capnavvd.gif
2005.12.14 13:32 B C:\Documents and Settings\TEMP\My Documents\My Webs\CE362_2005\_themes\capsules\_vti_cnf\capnavvh.gif --> mailer /webusers/web_eem/ce362/_themes/capsules/_vti_cnf capnavvh.gif
2005.12.14 13:32 B C:\Documents and Settings\TEMP\My Documents\My Webs\CE362_2005\_themes\capsules\_vti_cnf\capnavvp.gif --> mailer /webusers/web_eem/ce362/_themes/capsules/_vti_cnf capnavvp.gif
2005.12.14 13:32 B C:\Documents and Settings\TEMP\My Documents\My Webs\CE362_2005\_themes\capsules\_vti_cnf\capnavvs.gif --> mailer /webusers/web_eem/ce362/_themes/capsules/_vti_cnf capnavvs.gif
2005.12.14 13:32 B C:\Documents and Settings\TEMP\My Documents\My Webs\CE362_2005\_themes\capsules\_vti_cnf\capnexta.gif --> mailer /webusers/web_eem/ce362/_themes/capsules/_vti_cnf capnexta.gif
2005.12.14 13:32 B C:\Documents and Settings\TEMP\My Documents\My Webs\CE362_2005\_themes\capsules\_vti_cnf\capnextd.gif --> mailer /webusers/web_eem/ce362/_themes/capsules/_vti_cnf capnextd.gif
2005.12.14 13:32 B C:\Documents and Settings\TEMP\My Documents\My Webs\CE362_2005\_themes\capsules\_vti_cnf\capnexth.gif --> mailer /webusers/web_eem/ce362/_themes/capsules/_vti_cnf capnexth.gif
2005.12.14 13:32 B C:\Documents and Settings\TEMP\My Documents\My Webs\CE362_2005\_themes\capsules\_vti_cnf\capnextp.gif --> mailer /webusers/web_eem/ce362/_themes/capsules/_vti_cnf capnextp.gif
2005.12.14 13:32 B C:\Documents and Settings\TEMP\My Documents\My Webs\CE362_2005\_themes\capsules\_vti_cnf\capsepa.gif --> mailer /webusers/web_eem/ce362/_themes/capsules/_vti_cnf capsepa.gif
2005.12.14 13:32 B C:\Documents and Settings\TEMP\My Documents\My Webs\CE362_2005\_themes\capsules\_vti_cnf\capsepd.gif --> mailer /webusers/web_eem/ce362/_themes/capsules/_vti_cnf capsepd.gif
2005.12.14 13:32 B C:\Documents and Settings\TEMP\My Documents\My Webs\CE362_2005\_themes\capsules\_vti_cnf\capsules.inf --> mailer /webusers/web_eem/ce362/_themes/capsules/_vti_cnf capsules.inf
2005.12.14 13:32 B C:\Documents and Settings\TEMP\My Documents\My Webs\CE362_2005\_themes\capsules\_vti_cnf\capsules.utf8 --> mailer /webusers/web_eem/ce362/_themes/capsules/_vti_cnf capsules.utf8
2005.12.14 13:32 B C:\Documents and Settings\TEMP\My Documents\My Webs\CE362_2005\_themes\capsules\_vti_cnf\captext.gif --> mailer /webusers/web_eem/ce362/_themes/capsules/_vti_cnf captext.gif
2005.12.14 13:32 B C:\Documents and Settings\TEMP\My Documents\My Webs\CE362_2005\_themes\capsules\_vti_cnf\capupa.gif --> mailer /webusers/web_eem/ce362/_themes/capsules/_vti_cnf capupa.gif
2005.12.14 13:32 B C:\Documents and Settings\TEMP\My Documents\My Webs\CE362_2005\_themes\capsules\_vti_cnf\capupd.gif --> mailer /webusers/web_eem/ce362/_themes/capsules/_vti_cnf capupd.gif
2005.12.14 13:32 B C:\Documents and Settings\TEMP\My Documents\My Webs\CE362_2005\_themes\capsules\_vti_cnf\capuph.gif --> mailer /webusers/web_eem/ce362/_themes/capsules/_vti_cnf capuph.gif
2005.12.14 13:32 B C:\Documents and Settings\TEMP\My Documents\My Webs\CE362_2005\_themes\capsules\_vti_cnf\capupp.gif --> mailer /webusers/web_eem/ce362/_themes/capsules/_vti_cnf capupp.gif
2005.12.14 13:32 B C:\Documents and Settings\TEMP\My Documents\My Webs\CE362_2005\_themes\capsules\_vti_cnf\color0.css --> mailer /webusers/web_eem/ce362/_themes/capsules/_vti_cnf color0.css
2005.12.14 13:32 B C:\Documents and Settings\TEMP\My Documents\My Webs\CE362_2005\_themes\capsules\_vti_cnf\color1.css --> mailer /webusers/web_eem/ce362/_themes/capsules/_vti_cnf color1.css
2005.12.14 13:32 B C:\Documents and Settings\TEMP\My Documents\My Webs\CE362_2005\_themes\capsules\_vti_cnf\dot.gif --> mailer /webusers/web_eem/ce362/_themes/capsules/_vti_cnf dot.gif
2005.12.14 13:32 B C:\Documents and Settings\TEMP\My Documents\My Webs\CE362_2005\_themes\capsules\_vti_cnf\graph0.css --> mailer /webusers/web_eem/ce362/_themes/capsules/_vti_cnf graph0.css
2005.12.14 13:32 B C:\Documents and Settings\TEMP\My Documents\My Webs\CE362_2005\_themes\capsules\_vti_cnf\graph1.css --> mailer /webusers/web_eem/ce362/_themes/capsules/_vti_cnf graph1.css
2005.12.14 13:32 B C:\Documents and Settings\TEMP\My Documents\My Webs\CE362_2005\_themes\capsules\_vti_cnf\theme.css --> mailer /webusers/web_eem/ce362/_themes/capsules/_vti_cnf theme.css
2005.12.14 13:32 B C:\Documents and Settings\TEMP\My Documents\My Webs\CE362_2005\_themes\capsules\_vti_cnf\toolgrad.gif --> mailer /webusers/web_eem/ce362/_themes/capsules/_vti_cnf toolgrad.gif
