2005.12.14 13:32 B C:\Documents and Settings\TEMP\My Documents\My Webs\CE362_2005\_themes\axis\_vti_cnf\aaxibanr.gif --> mailer /webusers/web_eem/ce362/_themes/axis/_vti_cnf aaxibanr.gif
2005.12.14 13:32 B C:\Documents and Settings\TEMP\My Documents\My Webs\CE362_2005\_themes\axis\_vti_cnf\aaxibck.gif --> mailer /webusers/web_eem/ce362/_themes/axis/_vti_cnf aaxibck.gif
2005.12.14 13:32 B C:\Documents and Settings\TEMP\My Documents\My Webs\CE362_2005\_themes\axis\_vti_cnf\aaxibckh.gif --> mailer /webusers/web_eem/ce362/_themes/axis/_vti_cnf aaxibckh.gif
2005.12.14 13:32 B C:\Documents and Settings\TEMP\My Documents\My Webs\CE362_2005\_themes\axis\_vti_cnf\aaxibul1.gif --> mailer /webusers/web_eem/ce362/_themes/axis/_vti_cnf aaxibul1.gif
2005.12.14 13:32 B C:\Documents and Settings\TEMP\My Documents\My Webs\CE362_2005\_themes\axis\_vti_cnf\aaxibul2.gif --> mailer /webusers/web_eem/ce362/_themes/axis/_vti_cnf aaxibul2.gif
2005.12.14 13:32 B C:\Documents and Settings\TEMP\My Documents\My Webs\CE362_2005\_themes\axis\_vti_cnf\aaxibul3.gif --> mailer /webusers/web_eem/ce362/_themes/axis/_vti_cnf aaxibul3.gif
2005.12.14 13:32 B C:\Documents and Settings\TEMP\My Documents\My Webs\CE362_2005\_themes\axis\_vti_cnf\aaxihbtn.gif --> mailer /webusers/web_eem/ce362/_themes/axis/_vti_cnf aaxihbtn.gif
2005.12.14 13:32 B C:\Documents and Settings\TEMP\My Documents\My Webs\CE362_2005\_themes\axis\_vti_cnf\aaxihhov.gif --> mailer /webusers/web_eem/ce362/_themes/axis/_vti_cnf aaxihhov.gif
2005.12.14 13:32 B C:\Documents and Settings\TEMP\My Documents\My Webs\CE362_2005\_themes\axis\_vti_cnf\aaxihom.gif --> mailer /webusers/web_eem/ce362/_themes/axis/_vti_cnf aaxihom.gif
2005.12.14 13:32 B C:\Documents and Settings\TEMP\My Documents\My Webs\CE362_2005\_themes\axis\_vti_cnf\aaxihomh.gif --> mailer /webusers/web_eem/ce362/_themes/axis/_vti_cnf aaxihomh.gif
2005.12.14 13:32 B C:\Documents and Settings\TEMP\My Documents\My Webs\CE362_2005\_themes\axis\_vti_cnf\aaxihsel.gif --> mailer /webusers/web_eem/ce362/_themes/axis/_vti_cnf aaxihsel.gif
2005.12.14 13:32 B C:\Documents and Settings\TEMP\My Documents\My Webs\CE362_2005\_themes\axis\_vti_cnf\aaxinxt.gif --> mailer /webusers/web_eem/ce362/_themes/axis/_vti_cnf aaxinxt.gif
2005.12.14 13:32 B C:\Documents and Settings\TEMP\My Documents\My Webs\CE362_2005\_themes\axis\_vti_cnf\aaxinxth.gif --> mailer /webusers/web_eem/ce362/_themes/axis/_vti_cnf aaxinxth.gif
2005.12.14 13:32 B C:\Documents and Settings\TEMP\My Documents\My Webs\CE362_2005\_themes\axis\_vti_cnf\aaxirule.gif --> mailer /webusers/web_eem/ce362/_themes/axis/_vti_cnf aaxirule.gif
2005.12.14 13:32 B C:\Documents and Settings\TEMP\My Documents\My Webs\CE362_2005\_themes\axis\_vti_cnf\aaxiup.gif --> mailer /webusers/web_eem/ce362/_themes/axis/_vti_cnf aaxiup.gif
2005.12.14 13:32 B C:\Documents and Settings\TEMP\My Documents\My Webs\CE362_2005\_themes\axis\_vti_cnf\aaxiuph.gif --> mailer /webusers/web_eem/ce362/_themes/axis/_vti_cnf aaxiuph.gif
2005.12.14 13:32 B C:\Documents and Settings\TEMP\My Documents\My Webs\CE362_2005\_themes\axis\_vti_cnf\aaxivbtn.gif --> mailer /webusers/web_eem/ce362/_themes/axis/_vti_cnf aaxivbtn.gif
2005.12.14 13:32 B C:\Documents and Settings\TEMP\My Documents\My Webs\CE362_2005\_themes\axis\_vti_cnf\aaxivhov.gif --> mailer /webusers/web_eem/ce362/_themes/axis/_vti_cnf aaxivhov.gif
2005.12.14 13:32 B C:\Documents and Settings\TEMP\My Documents\My Webs\CE362_2005\_themes\axis\_vti_cnf\aaxivsel.gif --> mailer /webusers/web_eem/ce362/_themes/axis/_vti_cnf aaxivsel.gif
2005.12.14 13:32 B C:\Documents and Settings\TEMP\My Documents\My Webs\CE362_2005\_themes\axis\_vti_cnf\axibanr.gif --> mailer /webusers/web_eem/ce362/_themes/axis/_vti_cnf axibanr.gif
2005.12.14 13:32 B C:\Documents and Settings\TEMP\My Documents\My Webs\CE362_2005\_themes\axis\_vti_cnf\axibck.gif --> mailer /webusers/web_eem/ce362/_themes/axis/_vti_cnf axibck.gif
2005.12.14 13:32 B C:\Documents and Settings\TEMP\My Documents\My Webs\CE362_2005\_themes\axis\_vti_cnf\axibkgnd.gif --> mailer /webusers/web_eem/ce362/_themes/axis/_vti_cnf axibkgnd.gif
2005.12.14 13:32 B C:\Documents and Settings\TEMP\My Documents\My Webs\CE362_2005\_themes\axis\_vti_cnf\axibul1.gif --> mailer /webusers/web_eem/ce362/_themes/axis/_vti_cnf axibul1.gif
2005.12.14 13:32 B C:\Documents and Settings\TEMP\My Documents\My Webs\CE362_2005\_themes\axis\_vti_cnf\axibul2.gif --> mailer /webusers/web_eem/ce362/_themes/axis/_vti_cnf axibul2.gif
2005.12.14 13:32 B C:\Documents and Settings\TEMP\My Documents\My Webs\CE362_2005\_themes\axis\_vti_cnf\axibul3.gif --> mailer /webusers/web_eem/ce362/_themes/axis/_vti_cnf axibul3.gif
2005.12.14 13:32 B C:\Documents and Settings\TEMP\My Documents\My Webs\CE362_2005\_themes\axis\_vti_cnf\axiglobl.gif --> mailer /webusers/web_eem/ce362/_themes/axis/_vti_cnf axiglobl.gif
2005.12.14 13:32 B C:\Documents and Settings\TEMP\My Documents\My Webs\CE362_2005\_themes\axis\_vti_cnf\axihbtn.gif --> mailer /webusers/web_eem/ce362/_themes/axis/_vti_cnf axihbtn.gif
2005.12.14 13:32 B C:\Documents and Settings\TEMP\My Documents\My Webs\CE362_2005\_themes\axis\_vti_cnf\axihom.gif --> mailer /webusers/web_eem/ce362/_themes/axis/_vti_cnf axihom.gif
2005.12.14 13:32 B C:\Documents and Settings\TEMP\My Documents\My Webs\CE362_2005\_themes\axis\_vti_cnf\axihsel.gif --> mailer /webusers/web_eem/ce362/_themes/axis/_vti_cnf axihsel.gif
2005.12.14 13:32 B C:\Documents and Settings\TEMP\My Documents\My Webs\CE362_2005\_themes\axis\_vti_cnf\axinxt.gif --> mailer /webusers/web_eem/ce362/_themes/axis/_vti_cnf axinxt.gif
2005.12.14 13:32 B C:\Documents and Settings\TEMP\My Documents\My Webs\CE362_2005\_themes\axis\_vti_cnf\axirule.gif --> mailer /webusers/web_eem/ce362/_themes/axis/_vti_cnf axirule.gif
2005.12.14 13:32 B C:\Documents and Settings\TEMP\My Documents\My Webs\CE362_2005\_themes\axis\_vti_cnf\axis.inf --> mailer /webusers/web_eem/ce362/_themes/axis/_vti_cnf axis.inf
2005.12.14 13:32 B C:\Documents and Settings\TEMP\My Documents\My Webs\CE362_2005\_themes\axis\_vti_cnf\axis.utf8 --> mailer /webusers/web_eem/ce362/_themes/axis/_vti_cnf axis.utf8
2005.12.14 13:32 B C:\Documents and Settings\TEMP\My Documents\My Webs\CE362_2005\_themes\axis\_vti_cnf\axiup.gif --> mailer /webusers/web_eem/ce362/_themes/axis/_vti_cnf axiup.gif
2005.12.14 13:32 B C:\Documents and Settings\TEMP\My Documents\My Webs\CE362_2005\_themes\axis\_vti_cnf\axivbtn.gif --> mailer /webusers/web_eem/ce362/_themes/axis/_vti_cnf axivbtn.gif
2005.12.14 13:32 B C:\Documents and Settings\TEMP\My Documents\My Webs\CE362_2005\_themes\axis\_vti_cnf\axivsel.gif --> mailer /webusers/web_eem/ce362/_themes/axis/_vti_cnf axivsel.gif
2005.12.14 13:32 B C:\Documents and Settings\TEMP\My Documents\My Webs\CE362_2005\_themes\axis\_vti_cnf\blank.gif --> mailer /webusers/web_eem/ce362/_themes/axis/_vti_cnf blank.gif
2005.12.14 13:32 B C:\Documents and Settings\TEMP\My Documents\My Webs\CE362_2005\_themes\axis\_vti_cnf\blhomep.gif --> mailer /webusers/web_eem/ce362/_themes/axis/_vti_cnf blhomep.gif
2005.12.14 13:32 B C:\Documents and Settings\TEMP\My Documents\My Webs\CE362_2005\_themes\axis\_vti_cnf\blnextp.gif --> mailer /webusers/web_eem/ce362/_themes/axis/_vti_cnf blnextp.gif
2005.12.14 13:32 B C:\Documents and Settings\TEMP\My Documents\My Webs\CE362_2005\_themes\axis\_vti_cnf\blprevp.gif --> mailer /webusers/web_eem/ce362/_themes/axis/_vti_cnf blprevp.gif
2005.12.14 13:32 B C:\Documents and Settings\TEMP\My Documents\My Webs\CE362_2005\_themes\axis\_vti_cnf\bluedot.gif --> mailer /webusers/web_eem/ce362/_themes/axis/_vti_cnf bluedot.gif
2005.12.14 13:32 B C:\Documents and Settings\TEMP\My Documents\My Webs\CE362_2005\_themes\axis\_vti_cnf\blupp.gif --> mailer /webusers/web_eem/ce362/_themes/axis/_vti_cnf blupp.gif
2005.12.14 13:32 B C:\Documents and Settings\TEMP\My Documents\My Webs\CE362_2005\_themes\axis\_vti_cnf\color0.css --> mailer /webusers/web_eem/ce362/_themes/axis/_vti_cnf color0.css
2005.12.14 13:32 B C:\Documents and Settings\TEMP\My Documents\My Webs\CE362_2005\_themes\axis\_vti_cnf\color1.css --> mailer /webusers/web_eem/ce362/_themes/axis/_vti_cnf color1.css
2005.12.14 13:32 B C:\Documents and Settings\TEMP\My Documents\My Webs\CE362_2005\_themes\axis\_vti_cnf\graph0.css --> mailer /webusers/web_eem/ce362/_themes/axis/_vti_cnf graph0.css
2005.12.14 13:32 B C:\Documents and Settings\TEMP\My Documents\My Webs\CE362_2005\_themes\axis\_vti_cnf\graph1.css --> mailer /webusers/web_eem/ce362/_themes/axis/_vti_cnf graph1.css
2005.12.14 13:32 B C:\Documents and Settings\TEMP\My Documents\My Webs\CE362_2005\_themes\axis\_vti_cnf\theme.css --> mailer /webusers/web_eem/ce362/_themes/axis/_vti_cnf theme.css
