2005.12.14 13:32 B C:\Documents and Settings\TEMP\My Documents\My Webs\CE362_2005\_derived\archive.htm_cmp_axis110_bnr.gif --> mailer /webusers/web_eem/ce362/_derived archive.htm_cmp_axis110_bnr.gif
2005.12.14 13:32 B C:\Documents and Settings\TEMP\My Documents\My Webs\CE362_2005\_derived\archive.htm_cmp_axis110_vbtn.gif --> mailer /webusers/web_eem/ce362/_derived archive.htm_cmp_axis110_vbtn.gif
2005.12.14 13:32 B C:\Documents and Settings\TEMP\My Documents\My Webs\CE362_2005\_derived\archive.htm_cmp_axis110_vbtn_a.gif --> mailer /webusers/web_eem/ce362/_derived archive.htm_cmp_axis110_vbtn_a.gif
2005.12.14 13:32 B C:\Documents and Settings\TEMP\My Documents\My Webs\CE362_2005\_derived\archive.htm_cmp_axis110_vbtn_p.gif --> mailer /webusers/web_eem/ce362/_derived archive.htm_cmp_axis110_vbtn_p.gif
2005.12.14 13:32 B C:\Documents and Settings\TEMP\My Documents\My Webs\CE362_2005\_derived\archive.htm_cmp_capsules110_bnr.gif --> mailer /webusers/web_eem/ce362/_derived archive.htm_cmp_capsules110_bnr.gif
2005.12.14 13:32 B C:\Documents and Settings\TEMP\My Documents\My Webs\CE362_2005\_derived\archive.htm_cmp_capsules110_vbtn.gif --> mailer /webusers/web_eem/ce362/_derived archive.htm_cmp_capsules110_vbtn.gif
2005.12.14 13:32 B C:\Documents and Settings\TEMP\My Documents\My Webs\CE362_2005\_derived\archive.htm_cmp_capsules110_vbtn_a.gif --> mailer /webusers/web_eem/ce362/_derived archive.htm_cmp_capsules110_vbtn_a.gif
2005.12.14 13:32 B C:\Documents and Settings\TEMP\My Documents\My Webs\CE362_2005\_derived\archive.htm_cmp_capsules110_vbtn_p.gif --> mailer /webusers/web_eem/ce362/_derived archive.htm_cmp_capsules110_vbtn_p.gif
2005.12.14 13:32 B C:\Documents and Settings\TEMP\My Documents\My Webs\CE362_2005\_derived\contact.htm_cmp_axis110_bnr.gif --> mailer /webusers/web_eem/ce362/_derived contact.htm_cmp_axis110_bnr.gif
2005.12.14 13:32 B C:\Documents and Settings\TEMP\My Documents\My Webs\CE362_2005\_derived\contact.htm_cmp_axis110_vbtn.gif --> mailer /webusers/web_eem/ce362/_derived contact.htm_cmp_axis110_vbtn.gif
2005.12.14 13:32 B C:\Documents and Settings\TEMP\My Documents\My Webs\CE362_2005\_derived\contact.htm_cmp_axis110_vbtn_a.gif --> mailer /webusers/web_eem/ce362/_derived contact.htm_cmp_axis110_vbtn_a.gif
2005.12.14 13:32 B C:\Documents and Settings\TEMP\My Documents\My Webs\CE362_2005\_derived\contact.htm_cmp_axis110_vbtn_p.gif --> mailer /webusers/web_eem/ce362/_derived contact.htm_cmp_axis110_vbtn_p.gif
2005.12.14 13:32 B C:\Documents and Settings\TEMP\My Documents\My Webs\CE362_2005\_derived\contact.htm_cmp_capsules110_bnr.gif --> mailer /webusers/web_eem/ce362/_derived contact.htm_cmp_capsules110_bnr.gif
2005.12.14 13:32 B C:\Documents and Settings\TEMP\My Documents\My Webs\CE362_2005\_derived\contact.htm_cmp_capsules110_vbtn.gif --> mailer /webusers/web_eem/ce362/_derived contact.htm_cmp_capsules110_vbtn.gif
2005.12.14 13:32 B C:\Documents and Settings\TEMP\My Documents\My Webs\CE362_2005\_derived\contact.htm_cmp_capsules110_vbtn_a.gif --> mailer /webusers/web_eem/ce362/_derived contact.htm_cmp_capsules110_vbtn_a.gif
2005.12.14 13:32 B C:\Documents and Settings\TEMP\My Documents\My Webs\CE362_2005\_derived\contact.htm_cmp_capsules110_vbtn_p.gif --> mailer /webusers/web_eem/ce362/_derived contact.htm_cmp_capsules110_vbtn_p.gif
2005.12.14 13:32 B C:\Documents and Settings\TEMP\My Documents\My Webs\CE362_2005\_derived\discuss.htm_cmp_axis110_bnr.gif --> mailer /webusers/web_eem/ce362/_derived discuss.htm_cmp_axis110_bnr.gif
2005.12.14 13:32 B C:\Documents and Settings\TEMP\My Documents\My Webs\CE362_2005\_derived\discuss.htm_cmp_axis110_vbtn.gif --> mailer /webusers/web_eem/ce362/_derived discuss.htm_cmp_axis110_vbtn.gif
2005.12.14 13:32 B C:\Documents and Settings\TEMP\My Documents\My Webs\CE362_2005\_derived\discuss.htm_cmp_axis110_vbtn_a.gif --> mailer /webusers/web_eem/ce362/_derived discuss.htm_cmp_axis110_vbtn_a.gif
2005.12.14 13:32 B C:\Documents and Settings\TEMP\My Documents\My Webs\CE362_2005\_derived\discuss.htm_cmp_axis110_vbtn_p.gif --> mailer /webusers/web_eem/ce362/_derived discuss.htm_cmp_axis110_vbtn_p.gif
2005.12.14 13:32 B C:\Documents and Settings\TEMP\My Documents\My Webs\CE362_2005\_derived\discuss.htm_cmp_capsules110_bnr.gif --> mailer /webusers/web_eem/ce362/_derived discuss.htm_cmp_capsules110_bnr.gif
2005.12.14 13:32 B C:\Documents and Settings\TEMP\My Documents\My Webs\CE362_2005\_derived\discuss.htm_cmp_capsules110_vbtn.gif --> mailer /webusers/web_eem/ce362/_derived discuss.htm_cmp_capsules110_vbtn.gif
2005.12.14 13:32 B C:\Documents and Settings\TEMP\My Documents\My Webs\CE362_2005\_derived\discuss.htm_cmp_capsules110_vbtn_a.gif --> mailer /webusers/web_eem/ce362/_derived discuss.htm_cmp_capsules110_vbtn_a.gif
2005.12.14 13:32 B C:\Documents and Settings\TEMP\My Documents\My Webs\CE362_2005\_derived\discuss.htm_cmp_capsules110_vbtn_p.gif --> mailer /webusers/web_eem/ce362/_derived discuss.htm_cmp_capsules110_vbtn_p.gif
2005.12.14 13:32 B C:\Documents and Settings\TEMP\My Documents\My Webs\CE362_2005\_derived\home_cmp_axis110_vbtn.gif --> mailer /webusers/web_eem/ce362/_derived home_cmp_axis110_vbtn.gif
2005.12.14 13:32 B C:\Documents and Settings\TEMP\My Documents\My Webs\CE362_2005\_derived\home_cmp_axis110_vbtn_a.gif --> mailer /webusers/web_eem/ce362/_derived home_cmp_axis110_vbtn_a.gif
2005.12.14 13:32 B C:\Documents and Settings\TEMP\My Documents\My Webs\CE362_2005\_derived\home_cmp_axis110_vbtn_p.gif --> mailer /webusers/web_eem/ce362/_derived home_cmp_axis110_vbtn_p.gif
2005.12.14 13:32 B C:\Documents and Settings\TEMP\My Documents\My Webs\CE362_2005\_derived\home_cmp_capsules110_vbtn.gif --> mailer /webusers/web_eem/ce362/_derived home_cmp_capsules110_vbtn.gif
2005.12.14 13:32 B C:\Documents and Settings\TEMP\My Documents\My Webs\CE362_2005\_derived\home_cmp_capsules110_vbtn_a.gif --> mailer /webusers/web_eem/ce362/_derived home_cmp_capsules110_vbtn_a.gif
2005.12.14 13:32 B C:\Documents and Settings\TEMP\My Documents\My Webs\CE362_2005\_derived\home_cmp_capsules110_vbtn_p.gif --> mailer /webusers/web_eem/ce362/_derived home_cmp_capsules110_vbtn_p.gif
2005.12.14 13:32 B C:\Documents and Settings\TEMP\My Documents\My Webs\CE362_2005\_derived\index.htm_cmp_axis110_bnr.gif --> mailer /webusers/web_eem/ce362/_derived index.htm_cmp_axis110_bnr.gif
2005.12.14 13:32 B C:\Documents and Settings\TEMP\My Documents\My Webs\CE362_2005\_derived\index.htm_cmp_capsules110_bnr.gif --> mailer /webusers/web_eem/ce362/_derived index.htm_cmp_capsules110_bnr.gif
2005.12.14 13:32 B C:\Documents and Settings\TEMP\My Documents\My Webs\CE362_2005\_derived\members.htm_cmp_axis110_bnr.gif --> mailer /webusers/web_eem/ce362/_derived members.htm_cmp_axis110_bnr.gif
2005.12.14 13:32 B C:\Documents and Settings\TEMP\My Documents\My Webs\CE362_2005\_derived\members.htm_cmp_axis110_vbtn.gif --> mailer /webusers/web_eem/ce362/_derived members.htm_cmp_axis110_vbtn.gif
2005.12.14 13:32 B C:\Documents and Settings\TEMP\My Documents\My Webs\CE362_2005\_derived\members.htm_cmp_axis110_vbtn_a.gif --> mailer /webusers/web_eem/ce362/_derived members.htm_cmp_axis110_vbtn_a.gif
2005.12.14 13:32 B C:\Documents and Settings\TEMP\My Documents\My Webs\CE362_2005\_derived\members.htm_cmp_axis110_vbtn_p.gif --> mailer /webusers/web_eem/ce362/_derived members.htm_cmp_axis110_vbtn_p.gif
2005.12.14 13:32 B C:\Documents and Settings\TEMP\My Documents\My Webs\CE362_2005\_derived\members.htm_cmp_capsules110_bnr.gif --> mailer /webusers/web_eem/ce362/_derived members.htm_cmp_capsules110_bnr.gif
2005.12.14 13:32 B C:\Documents and Settings\TEMP\My Documents\My Webs\CE362_2005\_derived\members.htm_cmp_capsules110_vbtn.gif --> mailer /webusers/web_eem/ce362/_derived members.htm_cmp_capsules110_vbtn.gif
2005.12.14 13:32 B C:\Documents and Settings\TEMP\My Documents\My Webs\CE362_2005\_derived\members.htm_cmp_capsules110_vbtn_a.gif --> mailer /webusers/web_eem/ce362/_derived members.htm_cmp_capsules110_vbtn_a.gif
2005.12.14 13:32 B C:\Documents and Settings\TEMP\My Documents\My Webs\CE362_2005\_derived\members.htm_cmp_capsules110_vbtn_p.gif --> mailer /webusers/web_eem/ce362/_derived members.htm_cmp_capsules110_vbtn_p.gif
2005.12.14 13:32 B C:\Documents and Settings\TEMP\My Documents\My Webs\CE362_2005\_derived\nortbots.htm --> mailer /webusers/web_eem/ce362/_derived nortbots.htm
2005.12.14 13:32 B C:\Documents and Settings\TEMP\My Documents\My Webs\CE362_2005\_derived\schedule.htm_cmp_axis110_bnr.gif --> mailer /webusers/web_eem/ce362/_derived schedule.htm_cmp_axis110_bnr.gif
2005.12.14 13:32 B C:\Documents and Settings\TEMP\My Documents\My Webs\CE362_2005\_derived\schedule.htm_cmp_axis110_vbtn.gif --> mailer /webusers/web_eem/ce362/_derived schedule.htm_cmp_axis110_vbtn.gif
2005.12.14 13:32 B C:\Documents and Settings\TEMP\My Documents\My Webs\CE362_2005\_derived\schedule.htm_cmp_axis110_vbtn_a.gif --> mailer /webusers/web_eem/ce362/_derived schedule.htm_cmp_axis110_vbtn_a.gif
2005.12.14 13:32 B C:\Documents and Settings\TEMP\My Documents\My Webs\CE362_2005\_derived\schedule.htm_cmp_axis110_vbtn_p.gif --> mailer /webusers/web_eem/ce362/_derived schedule.htm_cmp_axis110_vbtn_p.gif
2005.12.14 13:32 B C:\Documents and Settings\TEMP\My Documents\My Webs\CE362_2005\_derived\schedule.htm_cmp_capsules110_bnr.gif --> mailer /webusers/web_eem/ce362/_derived schedule.htm_cmp_capsules110_bnr.gif
2005.12.14 13:32 B C:\Documents and Settings\TEMP\My Documents\My Webs\CE362_2005\_derived\schedule.htm_cmp_capsules110_vbtn.gif --> mailer /webusers/web_eem/ce362/_derived schedule.htm_cmp_capsules110_vbtn.gif
2005.12.14 13:32 B C:\Documents and Settings\TEMP\My Documents\My Webs\CE362_2005\_derived\schedule.htm_cmp_capsules110_vbtn_a.gif --> mailer /webusers/web_eem/ce362/_derived schedule.htm_cmp_capsules110_vbtn_a.gif
2005.12.14 13:32 B C:\Documents and Settings\TEMP\My Documents\My Webs\CE362_2005\_derived\schedule.htm_cmp_capsules110_vbtn_p.gif --> mailer /webusers/web_eem/ce362/_derived schedule.htm_cmp_capsules110_vbtn_p.gif
2005.12.14 13:32 B C:\Documents and Settings\TEMP\My Documents\My Webs\CE362_2005\_derived\search.htm_cmp_axis110_bnr.gif --> mailer /webusers/web_eem/ce362/_derived search.htm_cmp_axis110_bnr.gif
2005.12.14 13:32 B C:\Documents and Settings\TEMP\My Documents\My Webs\CE362_2005\_derived\search.htm_cmp_axis110_vbtn.gif --> mailer /webusers/web_eem/ce362/_derived search.htm_cmp_axis110_vbtn.gif
2005.12.14 13:32 B C:\Documents and Settings\TEMP\My Documents\My Webs\CE362_2005\_derived\search.htm_cmp_axis110_vbtn_a.gif --> mailer /webusers/web_eem/ce362/_derived search.htm_cmp_axis110_vbtn_a.gif
2005.12.14 13:32 B C:\Documents and Settings\TEMP\My Documents\My Webs\CE362_2005\_derived\search.htm_cmp_axis110_vbtn_p.gif --> mailer /webusers/web_eem/ce362/_derived search.htm_cmp_axis110_vbtn_p.gif
2005.12.14 13:32 B C:\Documents and Settings\TEMP\My Documents\My Webs\CE362_2005\_derived\search.htm_cmp_capsules110_bnr.gif --> mailer /webusers/web_eem/ce362/_derived search.htm_cmp_capsules110_bnr.gif
2005.12.14 13:32 B C:\Documents and Settings\TEMP\My Documents\My Webs\CE362_2005\_derived\search.htm_cmp_capsules110_vbtn.gif --> mailer /webusers/web_eem/ce362/_derived search.htm_cmp_capsules110_vbtn.gif
2005.12.14 13:32 B C:\Documents and Settings\TEMP\My Documents\My Webs\CE362_2005\_derived\search.htm_cmp_capsules110_vbtn_a.gif --> mailer /webusers/web_eem/ce362/_derived search.htm_cmp_capsules110_vbtn_a.gif
2005.12.14 13:32 B C:\Documents and Settings\TEMP\My Documents\My Webs\CE362_2005\_derived\search.htm_cmp_capsules110_vbtn_p.gif --> mailer /webusers/web_eem/ce362/_derived search.htm_cmp_capsules110_vbtn_p.gif
