2005.12.14 13:32 B C:\Documents and Settings\TEMP\My Documents\My Webs\CE362_2005\_themes\axis\aaxibanr.gif --> mailer /webusers/web_eem/ce362/_themes/axis aaxibanr.gif
2005.12.14 13:32 B C:\Documents and Settings\TEMP\My Documents\My Webs\CE362_2005\_themes\axis\aaxibck.gif --> mailer /webusers/web_eem/ce362/_themes/axis aaxibck.gif
2005.12.14 13:32 B C:\Documents and Settings\TEMP\My Documents\My Webs\CE362_2005\_themes\axis\aaxibckh.gif --> mailer /webusers/web_eem/ce362/_themes/axis aaxibckh.gif
2005.12.14 13:32 B C:\Documents and Settings\TEMP\My Documents\My Webs\CE362_2005\_themes\axis\aaxibul1.gif --> mailer /webusers/web_eem/ce362/_themes/axis aaxibul1.gif
2005.12.14 13:32 B C:\Documents and Settings\TEMP\My Documents\My Webs\CE362_2005\_themes\axis\aaxibul2.gif --> mailer /webusers/web_eem/ce362/_themes/axis aaxibul2.gif
2005.12.14 13:32 B C:\Documents and Settings\TEMP\My Documents\My Webs\CE362_2005\_themes\axis\aaxibul3.gif --> mailer /webusers/web_eem/ce362/_themes/axis aaxibul3.gif
2005.12.14 13:32 B C:\Documents and Settings\TEMP\My Documents\My Webs\CE362_2005\_themes\axis\aaxihbtn.gif --> mailer /webusers/web_eem/ce362/_themes/axis aaxihbtn.gif
2005.12.14 13:32 B C:\Documents and Settings\TEMP\My Documents\My Webs\CE362_2005\_themes\axis\aaxihhov.gif --> mailer /webusers/web_eem/ce362/_themes/axis aaxihhov.gif
2005.12.14 13:32 B C:\Documents and Settings\TEMP\My Documents\My Webs\CE362_2005\_themes\axis\aaxihom.gif --> mailer /webusers/web_eem/ce362/_themes/axis aaxihom.gif
2005.12.14 13:32 B C:\Documents and Settings\TEMP\My Documents\My Webs\CE362_2005\_themes\axis\aaxihomh.gif --> mailer /webusers/web_eem/ce362/_themes/axis aaxihomh.gif
2005.12.14 13:32 B C:\Documents and Settings\TEMP\My Documents\My Webs\CE362_2005\_themes\axis\aaxihsel.gif --> mailer /webusers/web_eem/ce362/_themes/axis aaxihsel.gif
2005.12.14 13:32 B C:\Documents and Settings\TEMP\My Documents\My Webs\CE362_2005\_themes\axis\aaxinxt.gif --> mailer /webusers/web_eem/ce362/_themes/axis aaxinxt.gif
2005.12.14 13:32 B C:\Documents and Settings\TEMP\My Documents\My Webs\CE362_2005\_themes\axis\aaxinxth.gif --> mailer /webusers/web_eem/ce362/_themes/axis aaxinxth.gif
2005.12.14 13:32 B C:\Documents and Settings\TEMP\My Documents\My Webs\CE362_2005\_themes\axis\aaxirule.gif --> mailer /webusers/web_eem/ce362/_themes/axis aaxirule.gif
2005.12.14 13:32 B C:\Documents and Settings\TEMP\My Documents\My Webs\CE362_2005\_themes\axis\aaxiup.gif --> mailer /webusers/web_eem/ce362/_themes/axis aaxiup.gif
2005.12.14 13:32 B C:\Documents and Settings\TEMP\My Documents\My Webs\CE362_2005\_themes\axis\aaxiuph.gif --> mailer /webusers/web_eem/ce362/_themes/axis aaxiuph.gif
2005.12.14 13:32 B C:\Documents and Settings\TEMP\My Documents\My Webs\CE362_2005\_themes\axis\aaxivbtn.gif --> mailer /webusers/web_eem/ce362/_themes/axis aaxivbtn.gif
2005.12.14 13:32 B C:\Documents and Settings\TEMP\My Documents\My Webs\CE362_2005\_themes\axis\aaxivhov.gif --> mailer /webusers/web_eem/ce362/_themes/axis aaxivhov.gif
2005.12.14 13:32 B C:\Documents and Settings\TEMP\My Documents\My Webs\CE362_2005\_themes\axis\aaxivsel.gif --> mailer /webusers/web_eem/ce362/_themes/axis aaxivsel.gif
2005.12.14 13:32 B C:\Documents and Settings\TEMP\My Documents\My Webs\CE362_2005\_themes\axis\axibanr.gif --> mailer /webusers/web_eem/ce362/_themes/axis axibanr.gif
2005.12.14 13:32 B C:\Documents and Settings\TEMP\My Documents\My Webs\CE362_2005\_themes\axis\axibck.gif --> mailer /webusers/web_eem/ce362/_themes/axis axibck.gif
2005.12.14 13:32 B C:\Documents and Settings\TEMP\My Documents\My Webs\CE362_2005\_themes\axis\axibkgnd.gif --> mailer /webusers/web_eem/ce362/_themes/axis axibkgnd.gif
2005.12.14 13:32 B C:\Documents and Settings\TEMP\My Documents\My Webs\CE362_2005\_themes\axis\axibul1.gif --> mailer /webusers/web_eem/ce362/_themes/axis axibul1.gif
2005.12.14 13:32 B C:\Documents and Settings\TEMP\My Documents\My Webs\CE362_2005\_themes\axis\axibul2.gif --> mailer /webusers/web_eem/ce362/_themes/axis axibul2.gif
2005.12.14 13:32 B C:\Documents and Settings\TEMP\My Documents\My Webs\CE362_2005\_themes\axis\axibul3.gif --> mailer /webusers/web_eem/ce362/_themes/axis axibul3.gif
2005.12.14 13:32 B C:\Documents and Settings\TEMP\My Documents\My Webs\CE362_2005\_themes\axis\axiglobl.gif --> mailer /webusers/web_eem/ce362/_themes/axis axiglobl.gif
2005.12.14 13:32 B C:\Documents and Settings\TEMP\My Documents\My Webs\CE362_2005\_themes\axis\axihbtn.gif --> mailer /webusers/web_eem/ce362/_themes/axis axihbtn.gif
2005.12.14 13:32 B C:\Documents and Settings\TEMP\My Documents\My Webs\CE362_2005\_themes\axis\axihom.gif --> mailer /webusers/web_eem/ce362/_themes/axis axihom.gif
2005.12.14 13:32 B C:\Documents and Settings\TEMP\My Documents\My Webs\CE362_2005\_themes\axis\axihsel.gif --> mailer /webusers/web_eem/ce362/_themes/axis axihsel.gif
2005.12.14 13:32 B C:\Documents and Settings\TEMP\My Documents\My Webs\CE362_2005\_themes\axis\axinxt.gif --> mailer /webusers/web_eem/ce362/_themes/axis axinxt.gif
2005.12.14 13:32 B C:\Documents and Settings\TEMP\My Documents\My Webs\CE362_2005\_themes\axis\axirule.gif --> mailer /webusers/web_eem/ce362/_themes/axis axirule.gif
2005.12.14 13:32 B C:\Documents and Settings\TEMP\My Documents\My Webs\CE362_2005\_themes\axis\axis.inf --> mailer /webusers/web_eem/ce362/_themes/axis axis.inf
2005.12.14 13:32 B C:\Documents and Settings\TEMP\My Documents\My Webs\CE362_2005\_themes\axis\axis.utf8 --> mailer /webusers/web_eem/ce362/_themes/axis axis.utf8
2005.12.14 13:32 B C:\Documents and Settings\TEMP\My Documents\My Webs\CE362_2005\_themes\axis\axiup.gif --> mailer /webusers/web_eem/ce362/_themes/axis axiup.gif
2005.12.14 13:32 B C:\Documents and Settings\TEMP\My Documents\My Webs\CE362_2005\_themes\axis\axivbtn.gif --> mailer /webusers/web_eem/ce362/_themes/axis axivbtn.gif
2005.12.14 13:32 B C:\Documents and Settings\TEMP\My Documents\My Webs\CE362_2005\_themes\axis\axivsel.gif --> mailer /webusers/web_eem/ce362/_themes/axis axivsel.gif
2005.12.14 13:32 B C:\Documents and Settings\TEMP\My Documents\My Webs\CE362_2005\_themes\axis\blank.gif --> mailer /webusers/web_eem/ce362/_themes/axis blank.gif
2005.12.14 13:32 B C:\Documents and Settings\TEMP\My Documents\My Webs\CE362_2005\_themes\axis\blhomep.gif --> mailer /webusers/web_eem/ce362/_themes/axis blhomep.gif
2005.12.14 13:32 B C:\Documents and Settings\TEMP\My Documents\My Webs\CE362_2005\_themes\axis\blnextp.gif --> mailer /webusers/web_eem/ce362/_themes/axis blnextp.gif
2005.12.14 13:32 B C:\Documents and Settings\TEMP\My Documents\My Webs\CE362_2005\_themes\axis\blprevp.gif --> mailer /webusers/web_eem/ce362/_themes/axis blprevp.gif
2005.12.14 13:32 B C:\Documents and Settings\TEMP\My Documents\My Webs\CE362_2005\_themes\axis\bluedot.gif --> mailer /webusers/web_eem/ce362/_themes/axis bluedot.gif
2005.12.14 13:32 B C:\Documents and Settings\TEMP\My Documents\My Webs\CE362_2005\_themes\axis\blupp.gif --> mailer /webusers/web_eem/ce362/_themes/axis blupp.gif
2005.12.14 13:32 B C:\Documents and Settings\TEMP\My Documents\My Webs\CE362_2005\_themes\axis\color0.css --> mailer /webusers/web_eem/ce362/_themes/axis color0.css
2005.12.14 13:32 B C:\Documents and Settings\TEMP\My Documents\My Webs\CE362_2005\_themes\axis\color1.css --> mailer /webusers/web_eem/ce362/_themes/axis color1.css
2005.12.14 13:32 B C:\Documents and Settings\TEMP\My Documents\My Webs\CE362_2005\_themes\axis\graph0.css --> mailer /webusers/web_eem/ce362/_themes/axis graph0.css
2005.12.14 13:32 B C:\Documents and Settings\TEMP\My Documents\My Webs\CE362_2005\_themes\axis\graph1.css --> mailer /webusers/web_eem/ce362/_themes/axis graph1.css
2005.12.14 13:32 B C:\Documents and Settings\TEMP\My Documents\My Webs\CE362_2005\_themes\axis\theme.css --> mailer /webusers/web_eem/ce362/_themes/axis theme.css
